<?xml version="1.0" encoding="UTF-8" ?>
<testsuite errors="0" failures="0" hostname="YoadLaptop" name="AutoPlayerTest" skipped="0" tests="1" time="0.057" timestamp="2025-06-10T17:18:09">
  <properties>
    <property name="ant.library.dir" value="C:\Users\Yoad\OneDrive\Desktop\apache-ant-1.10.14\lib" />
    <property name="ant.file.type" value="file" />
    <property name="java.specification.version" value="17" />
    <property name="ant.project.name" value="TDD" />
    <property name="sun.cpu.isalist" value="amd64" />
    <property name="sun.jnu.encoding" value="Cp1252" />
    <property name="java.class.path" value="C:\Users\Yoad\OneDrive\Desktop\apache-ant-1.10.14\lib\ant-launcher.jar;C:\Users\Yoad\OneDrive\Desktop\apache-ant-1.10.14\lib\ant-antlr.jar;C:\Users\Yoad\OneDrive\Desktop\apache-ant-1.10.14\lib\ant-apache-bcel.jar;C:\Users\Yoad\OneDrive\Desktop\apache-ant-1.10.14\lib\ant-apache-bsf.jar;C:\Users\Yoad\OneDrive\Desktop\apache-ant-1.10.14\lib\ant-apache-log4j.jar;C:\Users\Yoad\OneDrive\Desktop\apache-ant-1.10.14\lib\ant-apache-oro.jar;C:\Users\Yoad\OneDrive\Desktop\apache-ant-1.10.14\lib\ant-apache-regexp.jar;C:\Users\Yoad\OneDrive\Desktop\apache-ant-1.10.14\lib\ant-apache-resolver.jar;C:\Users\Yoad\OneDrive\Desktop\apache-ant-1.10.14\lib\ant-apache-xalan2.jar;C:\Users\Yoad\OneDrive\Desktop\apache-ant-1.10.14\lib\ant-commons-logging.jar;C:\Users\Yoad\OneDrive\Desktop\apache-ant-1.10.14\lib\ant-commons-net.jar;C:\Users\Yoad\OneDrive\Desktop\apache-ant-1.10.14\lib\ant-imageio.jar;C:\Users\Yoad\OneDrive\Desktop\apache-ant-1.10.14\lib\ant-jai.jar;C:\Users\Yoad\OneDrive\Desktop\apache-ant-1.10.14\lib\ant-jakartamail.jar;C:\Users\Yoad\OneDrive\Desktop\apache-ant-1.10.14\lib\ant-javamail.jar;C:\Users\Yoad\OneDrive\Desktop\apache-ant-1.10.14\lib\ant-jdepend.jar;C:\Users\Yoad\OneDrive\Desktop\apache-ant-1.10.14\lib\ant-jmf.jar;C:\Users\Yoad\OneDrive\Desktop\apache-ant-1.10.14\lib\ant-jsch.jar;C:\Users\Yoad\OneDrive\Desktop\apache-ant-1.10.14\lib\ant-junit.jar;C:\Users\Yoad\OneDrive\Desktop\apache-ant-1.10.14\lib\ant-junit4.jar;C:\Users\Yoad\OneDrive\Desktop\apache-ant-1.10.14\lib\ant-junitlauncher.jar;C:\Users\Yoad\OneDrive\Desktop\apache-ant-1.10.14\lib\ant-launcher.jar;C:\Users\Yoad\OneDrive\Desktop\apache-ant-1.10.14\lib\ant-netrexx.jar;C:\Users\Yoad\OneDrive\Desktop\apache-ant-1.10.14\lib\ant-swing.jar;C:\Users\Yoad\OneDrive\Desktop\apache-ant-1.10.14\lib\ant-testutil.jar;C:\Users\Yoad\OneDrive\Desktop\apache-ant-1.10.14\lib\ant-xz.jar;C:\Users\Yoad\OneDrive\Desktop\apache-ant-1.10.14\lib\ant.jar" />
    <property name="java.vm.vendor" value="Oracle Corporation" />
    <property name="sun.arch.data.model" value="64" />
    <property name="user.variant" value="" />
    <property name="java.vendor.url" value="https://java.oracle.com/" />
    <property name="user.country.format" value="IL" />
    <property name="os.name" value="Windows 11" />
    <property name="java.vm.specification.version" value="17" />
    <property name="user.country" value="US" />
    <property name="sun.java.launcher" value="SUN_STANDARD" />
    <property name="sun.boot.library.path" value="C:\Program Files\Java\jdk-17.0.2\bin" />
    <property name="sun.java.command" value="org.apache.tools.ant.launch.Launcher test" />
    <property name="jdk.debug" value="release" />
    <property name="test.dir" value="test" />
    <property name="sun.cpu.endian" value="little" />
    <property name="user.home" value="C:\Users\Yoad" />
    <property name="user.language" value="en" />
    <property name="sun.stderr.encoding" value="cp437" />
    <property name="java.specification.vendor" value="Oracle Corporation" />
    <property name="java.version.date" value="2022-01-18" />
    <property name="java.home" value="C:\Program Files\Java\jdk-17.0.2" />
    <property name="file.separator" value="\" />
    <property name="basedir" value="C:\Users\Yoad\OneDrive\Desktop\First year\OOP\TicTacToeTargil\ex6" />
    <property name="java.vm.compressedOopsMode" value="32-bit" />
    <property name="line.separator" value="&#xd;&#xa;" />
    <property name="sun.stdout.encoding" value="cp437" />
    <property name="ant.java.version" value="17" />
    <property name="java.specification.name" value="Java Platform API Specification" />
    <property name="java.vm.specification.vendor" value="Oracle Corporation" />
    <property name="ant.file.TDD" value="C:\Users\Yoad\OneDrive\Desktop\First year\OOP\TicTacToeTargil\ex6\build.xml" />
    <property name="user.script" value="" />
    <property name="test.report.dir" value="build/test-reports" />
    <property name="sun.management.compiler" value="HotSpot 64-Bit Tiered Compilers" />
    <property name="java.runtime.version" value="17.0.2+8-LTS-86" />
    <property name="user.name" value="Yoad" />
    <property name="ant.file.type.TDD" value="file" />
    <property name="ant.file" value="C:\Users\Yoad\OneDrive\Desktop\First year\OOP\TicTacToeTargil\ex6\build.xml" />
    <property name="path.separator" value=";" />
    <property name="os.version" value="10.0" />
    <property name="java.runtime.name" value="Java(TM) SE Runtime Environment" />
    <property name="file.encoding" value="Cp1252" />
    <property name="ant.project.invoked-targets" value="test" />
    <property name="jar.file" value="build/dist/MyJavaProject.jar" />
    <property name="java.vm.name" value="Java HotSpot(TM) 64-Bit Server VM" />
    <property name="dist.dir" value="build/dist" />
    <property name="build.dir" value="build" />
    <property name="ant.core.lib" value="C:\Users\Yoad\OneDrive\Desktop\apache-ant-1.10.14\lib\ant.jar" />
    <property name="java.vendor.url.bug" value="https://bugreport.java.com/bugreport/" />
    <property name="java.io.tmpdir" value="C:\Users\Yoad\AppData\Local\Temp\" />
    <property name="java.version" value="17.0.2" />
    <property name="user.dir" value="C:\Users\Yoad\OneDrive\Desktop\First year\OOP\TicTacToeTargil\ex6" />
    <property name="os.arch" value="amd64" />
    <property name="java.vm.specification.name" value="Java Virtual Machine Specification" />
    <property name="ant.home" value="C:\Users\Yoad\OneDrive\Desktop\apache-ant-1.10.14" />
    <property name="lib.dir" value="lib" />
    <property name="sun.os.patch.level" value="" />
    <property name="native.encoding" value="Cp1252" />
    <property name="ant.version" value="Apache Ant(TM) version 1.10.14 compiled on August 16 2023" />
    <property name="java.library.path" value="C:\Program Files\Java\jdk-17.0.2\bin;C:\WINDOWS\Sun\Java\bin;C:\WINDOWS\system32;C:\WINDOWS;C:\Program Files\Common Files\Oracle\Java\javapath;C:\Windows\system32;C:\Windows;C:\Windows\System32\Wbem;C:\Windows\System32\WindowsPowerShell\v1.0\;C:\Windows\System32\OpenSSH\;C:\Program Files (x86)\NVIDIA Corporation\PhysX\Common;C:\Program Files\NVIDIA Corporation\NVIDIA NvDLISR;C:\WINDOWS\system32;C:\WINDOWS;C:\WINDOWS\System32\Wbem;C:\WINDOWS\System32\WindowsPowerShell\v1.0\;C:\WINDOWS\System32\OpenSSH\;C:\Program Files\Git\cmd;C:\Users\Yoad\OneDrive\Desktop\apache-ant-1.10.14\bin;C:\Users\Yoad\AppData\Local\Programs\Python\Python313\Scripts\;C:\Users\Yoad\AppData\Local\Programs\Python\Python313\;C:\Users\Yoad\AppData\Local\Programs\Python\Launcher\;C:\Program Files\JetBrains\CLion 2024.2.2\bin\mingw\bin;C:\Windows\system32;C:\Windows;C:\Windows\System32\Wbem;C:\Windows\System32\WindowsPowerShell\v1.0\;C:\Windows\System32\OpenSSH\;C:\Program Files (x86)\NVIDIA Corporation\PhysX\Common;C:\Program Files\NVIDIA Corporation\NVIDIA NvDLISR;C:\WINDOWS\system32;C:\WINDOWS;C:\WINDOWS\System32\Wbem;C:\WINDOWS\System32\WindowsPowerShell\v1.0\;C:\WINDOWS\System32\OpenSSH\;C:\Program Files\Git\cmd;C:\Program Files\JetBrains\CLion 2024.2.2\bin\mingw\bin;C:\Windows\system32;C:\Windows;C:\Windows\System32\Wbem;C:\Windows\System32\WindowsPowerShell\v1.0\;C:\Windows\System32\OpenSSH\;C:\Program Files (x86)\NVIDIA Corporation\PhysX\Common;C:\Program Files\NVIDIA Corporation\NVIDIA NvDLISR;C:\WINDOWS\system32;C:\WINDOWS;C:\WINDOWS\System32\Wbem;C:\WINDOWS\System32\WindowsPowerShell\v1.0\;C:\WINDOWS\System32\OpenSSH\;C:\Program Files\Git\cmd;C:\Program Files\JetBrains\Clion\2024.2.3\bin\mingw\bin;C:\Windows\system32;C:\Windows;C:\Windows\System32\Wbem;C:\Windows\System32\Wi;C:\Users\Yoad\AppData\Local\Programs\Microsoft VS Code\bin;C:\Users\Yoad\AppData\Roaming\Microsoft\Windows\Start Menu\Programs\Python 3.12;C:\Program Files\JetBrains\IntelliJ IDEA 2024.3.4.1\bin;;;." />
    <property name="java.vendor" value="Oracle Corporation" />
    <property name="java.vm.info" value="mixed mode, sharing" />
    <property name="java.vm.version" value="17.0.2+8-LTS-86" />
    <property name="classes.dir" value="build/classes" />
    <property name="sun.io.unicode.encoding" value="UnicodeLittle" />
    <property name="java.class.version" value="61.0" />
    <property name="src.dir" value="src" />
    <property name="ant.project.default-target" value="jar" />
  </properties>
  <testcase classname="AutoPlayerTest" name="moveTest" time="0.011" />
  <system-out><![CDATA[Player Auto, please enter your move. (enter a value from 1 - 9)
+---+---+---+
|   |   |   |
+---+---+---+
|   |   |   |
+---+---+---+
|   |   |   |
+---+---+---+

Player Auto, please enter your move. (enter a value from 1 - 9)
+---+---+---+
| O | O | O |
+---+---+---+
| O | O | O |
+---+---+---+
| O | O |   |
+---+---+---+

]]></system-out>
  <system-err><![CDATA[]]></system-err>
</testsuite>
